<?xml version="1.0" encoding="UTF-8"?>
<!-- Generated by org.testng.reporters.JUnitReportReporter -->
<testsuite hostname="MBPro.local" failures="0" tests="3" name="MyAutomationLearning.FrameWorksSelenium.SubmitOrderTest" time="25.686" errors="0" timestamp="2024-06-21T15:58:07 IST" skipped="0">
  <testcase classname="MyAutomationLearning.FrameWorksSelenium.SubmitOrderTest" name="submitOrder" time="8.369"/>
  <testcase classname="MyAutomationLearning.FrameWorksSelenium.SubmitOrderTest" name="submitOrder" time="11.951"/>
  <testcase classname="MyAutomationLearning.FrameWorksSelenium.SubmitOrderTest" name="orderHistoryTest" time="5.366"/>
</testsuite> <!-- MyAutomationLearning.FrameWorksSelenium.SubmitOrderTest -->
