<?xml version="1.0" encoding="UTF-8"?>
<!-- Generated by org.testng.reporters.JUnitReportReporter -->
<testsuite hostname="MBPro.local" failures="0" tests="1" name="MyAutomationLearning.FrameWorksSelenium.ErrorValidations" time="3.952" errors="0" timestamp="2024-06-20T13:45:37 IST" skipped="0">
  <testcase classname="MyAutomationLearning.FrameWorksSelenium.ErrorValidations" name="sumbmitOrder" time="3.952"/>
</testsuite> <!-- MyAutomationLearning.FrameWorksSelenium.ErrorValidations -->
