<?xml version="1.0" encoding="UTF-8"?>
<!-- Generated by org.testng.reporters.JUnitReportReporter -->
<testsuite hostname="MBPro.local" failures="0" tests="2" name="MyAutomationLearning.FrameWorksSelenium.ErrorValidationsTest" time="16.941" errors="0" timestamp="2024-06-21T15:58:07 IST" skipped="0">
  <testcase classname="MyAutomationLearning.FrameWorksSelenium.ErrorValidationsTest" name="ProductErrorValidation" time="8.251"/>
  <testcase classname="MyAutomationLearning.FrameWorksSelenium.ErrorValidationsTest" name="LoginErrorValidation" time="8.690"/>
</testsuite> <!-- MyAutomationLearning.FrameWorksSelenium.ErrorValidationsTest -->
