<?xml version="1.0" encoding="UTF-8"?>
<!-- Generated by org.testng.reporters.JUnitReportReporter -->
<testsuite hostname="MBPro.local" failures="0" tests="1" name="MyAutomationLearning.FrameWorksSelenium.StandAloneTestDuplicate" time="7.535" errors="0" timestamp="2024-06-20T13:18:44 IST" skipped="0">
  <testcase classname="MyAutomationLearning.FrameWorksSelenium.StandAloneTestDuplicate" name="submitOrder" time="7.535"/>
</testsuite> <!-- MyAutomationLearning.FrameWorksSelenium.StandAloneTestDuplicate -->
