<?xml version="1.0" encoding="UTF-8"?>
<!-- Generated by org.testng.reporters.JUnitReportReporter -->
<testsuite hostname="MBPro.local" failures="0" tests="1" name="justATest.ExtentReportDemo" time="4.193" errors="0" timestamp="2024-06-21T07:48:10 IST" skipped="0">
  <testcase classname="justATest.ExtentReportDemo" name="initialDemo" time="4.193"/>
</testsuite> <!-- justATest.ExtentReportDemo -->
