<?xml version="1.0" encoding="UTF-8"?>
<!-- Generated by org.testng.reporters.JUnitReportReporter -->
<testsuite hostname="MBPro.local" failures="0" tests="1" name="MyAutomationLearning.FrameWorksSelenium.DuplicateStandAloneTest" time="5.900" errors="0" timestamp="2024-06-21T15:19:37 IST" skipped="0">
  <testcase classname="MyAutomationLearning.FrameWorksSelenium.DuplicateStandAloneTest" name="submitOrder" time="5.900"/>
</testsuite> <!-- MyAutomationLearning.FrameWorksSelenium.DuplicateStandAloneTest -->
