<?xml version="1.0" encoding="UTF-8"?>
<!-- Generated by org.testng.reporters.JUnitReportReporter -->
<testsuite hostname="MBPro.local" failures="0" tests="2" name="MyAutomationLearning.FrameWorksSelenium.SubmitOrderTest" time="20.222" errors="0" timestamp="2024-06-21T20:57:34 IST" skipped="0">
  <testcase classname="MyAutomationLearning.FrameWorksSelenium.SubmitOrderTest" name="submitOrder" time="12.095"/>
  <testcase classname="MyAutomationLearning.FrameWorksSelenium.SubmitOrderTest" name="submitOrder" time="8.127"/>
</testsuite> <!-- MyAutomationLearning.FrameWorksSelenium.SubmitOrderTest -->
