<?xml version="1.0" encoding="UTF-8"?>
<!-- Generated by org.testng.reporters.JUnitReportReporter -->
<testsuite hostname="MBPro.local" failures="0" tests="2" name="MyAutomationLearning.FrameWorksSelenium.ErrorValidationsTest" time="10.319" errors="0" timestamp="2024-06-21T15:19:37 IST" skipped="0">
  <testcase classname="MyAutomationLearning.FrameWorksSelenium.ErrorValidationsTest" name="ProductErrorValidation" time="5.292"/>
  <testcase classname="MyAutomationLearning.FrameWorksSelenium.ErrorValidationsTest" name="LoginErrorValidation" time="5.027"/>
</testsuite> <!-- MyAutomationLearning.FrameWorksSelenium.ErrorValidationsTest -->
